This is XeTeX, Version 3.141592653-2.6-0.999995 (TeX Live 2023) (preloaded format=xelatex 2024.3.8)  18 JUN 2024 16:35
entering extended mode
 restricted \write18 enabled.
 %&-line parsing enabled.
**gamljmodels.tex
(./gamljmodels.tex
LaTeX2e <2023-11-01> patch level 1
L3 programming layer <2024-02-20>
(/home/mcfanda/.TinyTeX/texmf-dist/tex/latex/base/book.cls
Document Class: book 2023/05/17 v1.4n Standard LaTeX document class
(/home/mcfanda/.TinyTeX/texmf-dist/tex/latex/base/bk10.clo
File: bk10.clo 2023/05/17 v1.4n Standard LaTeX file (size option)
)
\c@part=\count184
\c@chapter=\count185
\c@section=\count186
\c@subsection=\count187
\c@subsubsection=\count188
\c@paragraph=\count189
\c@subparagraph=\count190
\c@figure=\count191
\c@table=\count192
\abovecaptionskip=\skip48
\belowcaptionskip=\skip49
\bibindent=\dimen140
) (/home/mcfanda/.TinyTeX/texmf-dist/tex/latex/amsmath/amsmath.sty
Package: amsmath 2023/05/13 v2.17o AMS math features
\@mathmargin=\skip50
For additional information on amsmath, use the `?' option.
(/home/mcfanda/.TinyTeX/texmf-dist/tex/latex/amsmath/amstext.sty
Package: amstext 2021/08/26 v2.01 AMS text
(/home/mcfanda/.TinyTeX/texmf-dist/tex/latex/amsmath/amsgen.sty
File: amsgen.sty 1999/11/30 v2.0 generic functions
\@emptytoks=\toks17
\ex@=\dimen141
)) (/home/mcfanda/.TinyTeX/texmf-dist/tex/latex/amsmath/amsbsy.sty
Package: amsbsy 1999/11/29 v1.2d Bold Symbols
\pmbraise@=\dimen142
) (/home/mcfanda/.TinyTeX/texmf-dist/tex/latex/amsmath/amsopn.sty
Package: amsopn 2022/04/08 v2.04 operator names
)
\inf@bad=\count193
LaTeX Info: Redefining \frac on input line 234.
\uproot@=\count194
\leftroot@=\count195
LaTeX Info: Redefining \overline on input line 399.
LaTeX Info: Redefining \colon on input line 410.
\classnum@=\count196
\DOTSCASE@=\count197
LaTeX Info: Redefining \ldots on input line 496.
LaTeX Info: Redefining \dots on input line 499.
LaTeX Info: Redefining \cdots on input line 620.
\Mathstrutbox@=\box51
\strutbox@=\box52
LaTeX Info: Redefining \big on input line 722.
LaTeX Info: Redefining \Big on input line 723.
LaTeX Info: Redefining \bigg on input line 724.
LaTeX Info: Redefining \Bigg on input line 725.
\big@size=\dimen143
LaTeX Font Info:    Redeclaring font encoding OML on input line 743.
LaTeX Font Info:    Redeclaring font encoding OMS on input line 744.
\macc@depth=\count198
LaTeX Info: Redefining \bmod on input line 905.
LaTeX Info: Redefining \pmod on input line 910.
LaTeX Info: Redefining \smash on input line 940.
LaTeX Info: Redefining \relbar on input line 970.
LaTeX Info: Redefining \Relbar on input line 971.
\c@MaxMatrixCols=\count199
\dotsspace@=\muskip16
\c@parentequation=\count266
\dspbrk@lvl=\count267
\tag@help=\toks18
\row@=\count268
\column@=\count269
\maxfields@=\count270
\andhelp@=\toks19
\eqnshift@=\dimen144
\alignsep@=\dimen145
\tagshift@=\dimen146
\tagwidth@=\dimen147
\totwidth@=\dimen148
\lineht@=\dimen149
\@envbody=\toks20
\multlinegap=\skip51
\multlinetaggap=\skip52
\mathdisplay@stack=\toks21
LaTeX Info: Redefining \[ on input line 2953.
LaTeX Info: Redefining \] on input line 2954.
) (/home/mcfanda/.TinyTeX/texmf-dist/tex/latex/amsfonts/amssymb.sty
Package: amssymb 2013/01/14 v3.01 AMS font symbols
(/home/mcfanda/.TinyTeX/texmf-dist/tex/latex/amsfonts/amsfonts.sty
Package: amsfonts 2013/01/14 v3.01 Basic AMSFonts support
\symAMSa=\mathgroup4
\symAMSb=\mathgroup5
LaTeX Font Info:    Redeclaring math symbol \hbar on input line 98.
LaTeX Font Info:    Overwriting math alphabet `\mathfrak' in version `bold'
(Font)                  U/euf/m/n --> U/euf/b/n on input line 106.
)) (/home/mcfanda/.TinyTeX/texmf-dist/tex/generic/iftex/iftex.sty
Package: iftex 2022/02/03 v1.0f TeX engine tests
) (/home/mcfanda/.TinyTeX/texmf-dist/tex/latex/unicode-math/unicode-math.sty (/home/mcfanda/.TinyTeX/texmf-dist/tex/latex/l3kernel/expl3.sty
Package: expl3 2024-02-20 L3 programming layer (loader) 
(/home/mcfanda/.TinyTeX/texmf-dist/tex/latex/l3backend/l3backend-xetex.def
File: l3backend-xetex.def 2024-02-20 L3 backend support: XeTeX
\g__graphics_track_int=\count271
\l__pdf_internal_box=\box53
\g__pdf_backend_object_int=\count272
\g__pdf_backend_annotation_int=\count273
\g__pdf_backend_link_int=\count274
))
Package: unicode-math 2023/08/13 v0.8r Unicode maths in XeLaTeX and LuaLaTeX
(/home/mcfanda/.TinyTeX/texmf-dist/tex/latex/unicode-math/unicode-math-xetex.sty
Package: unicode-math-xetex 2023/08/13 v0.8r Unicode maths in XeLaTeX and LuaLaTeX
(/home/mcfanda/.TinyTeX/texmf-dist/tex/latex/l3packages/xparse/xparse.sty
Package: xparse 2024-02-18 L3 Experimental document command parser
) (/home/mcfanda/.TinyTeX/texmf-dist/tex/latex/l3packages/l3keys2e/l3keys2e.sty
Package: l3keys2e 2024-02-18 LaTeX2e option processing using LaTeX3 keys
) (/home/mcfanda/.TinyTeX/texmf-dist/tex/latex/fontspec/fontspec.sty
Package: fontspec 2024/02/13 v2.9a Font selection for XeLaTeX and LuaLaTeX
(/home/mcfanda/.TinyTeX/texmf-dist/tex/latex/fontspec/fontspec-xetex.sty
Package: fontspec-xetex 2024/02/13 v2.9a Font selection for XeLaTeX and LuaLaTeX
\l__fontspec_script_int=\count275
\l__fontspec_language_int=\count276
\l__fontspec_strnum_int=\count277
\l__fontspec_tmp_int=\count278
\l__fontspec_tmpa_int=\count279
\l__fontspec_tmpb_int=\count280
\l__fontspec_tmpc_int=\count281
\l__fontspec_em_int=\count282
\l__fontspec_emdef_int=\count283
\l__fontspec_strong_int=\count284
\l__fontspec_strongdef_int=\count285
\l__fontspec_tmpa_dim=\dimen150
\l__fontspec_tmpb_dim=\dimen151
\l__fontspec_tmpc_dim=\dimen152
(/home/mcfanda/.TinyTeX/texmf-dist/tex/latex/base/fontenc.sty
Package: fontenc 2021/04/29 v2.0v Standard LaTeX package
) (/home/mcfanda/.TinyTeX/texmf-dist/tex/latex/fontspec/fontspec.cfg))) (/home/mcfanda/.TinyTeX/texmf-dist/tex/latex/base/fix-cm.sty
Package: fix-cm 2020/11/24 v1.1t fixes to LaTeX
(/home/mcfanda/.TinyTeX/texmf-dist/tex/latex/base/ts1enc.def
File: ts1enc.def 2001/06/05 v3.0e (jk/car/fm) Standard LaTeX file
LaTeX Font Info:    Redeclaring font encoding TS1 on input line 47.
))
\g__um_fam_int=\count286
\g__um_fonts_used_int=\count287
\l__um_primecount_int=\count288
\g__um_primekern_muskip=\muskip17
(/home/mcfanda/.TinyTeX/texmf-dist/tex/latex/unicode-math/unicode-math-table.tex))) (/home/mcfanda/.TinyTeX/texmf-dist/tex/latex/lm/lmodern.sty
Package: lmodern 2015/05/01 v1.6.1 Latin Modern Fonts
LaTeX Font Info:    Overwriting symbol font `operators' in version `normal'
(Font)                  OT1/cmr/m/n --> OT1/lmr/m/n on input line 22.
LaTeX Font Info:    Overwriting symbol font `letters' in version `normal'
(Font)                  OML/cmm/m/it --> OML/lmm/m/it on input line 23.
LaTeX Font Info:    Overwriting symbol font `symbols' in version `normal'
(Font)                  OMS/cmsy/m/n --> OMS/lmsy/m/n on input line 24.
LaTeX Font Info:    Overwriting symbol font `largesymbols' in version `normal'
(Font)                  OMX/cmex/m/n --> OMX/lmex/m/n on input line 25.
LaTeX Font Info:    Overwriting symbol font `operators' in version `bold'
(Font)                  OT1/cmr/bx/n --> OT1/lmr/bx/n on input line 26.
LaTeX Font Info:    Overwriting symbol font `letters' in version `bold'
(Font)                  OML/cmm/b/it --> OML/lmm/b/it on input line 27.
LaTeX Font Info:    Overwriting symbol font `symbols' in version `bold'
(Font)                  OMS/cmsy/b/n --> OMS/lmsy/b/n on input line 28.
LaTeX Font Info:    Overwriting symbol font `largesymbols' in version `bold'
(Font)                  OMX/cmex/m/n --> OMX/lmex/m/n on input line 29.
LaTeX Font Info:    Overwriting math alphabet `\mathbf' in version `normal'
(Font)                  OT1/cmr/bx/n --> OT1/lmr/bx/n on input line 31.
LaTeX Font Info:    Overwriting math alphabet `\mathsf' in version `normal'
(Font)                  OT1/cmss/m/n --> OT1/lmss/m/n on input line 32.
LaTeX Font Info:    Overwriting math alphabet `\mathit' in version `normal'
(Font)                  OT1/cmr/m/it --> OT1/lmr/m/it on input line 33.
LaTeX Font Info:    Overwriting math alphabet `\mathtt' in version `normal'
(Font)                  OT1/cmtt/m/n --> OT1/lmtt/m/n on input line 34.
LaTeX Font Info:    Overwriting math alphabet `\mathbf' in version `bold'
(Font)                  OT1/cmr/bx/n --> OT1/lmr/bx/n on input line 35.
LaTeX Font Info:    Overwriting math alphabet `\mathsf' in version `bold'
(Font)                  OT1/cmss/bx/n --> OT1/lmss/bx/n on input line 36.
LaTeX Font Info:    Overwriting math alphabet `\mathit' in version `bold'
(Font)                  OT1/cmr/bx/it --> OT1/lmr/bx/it on input line 37.
LaTeX Font Info:    Overwriting math alphabet `\mathtt' in version `bold'
(Font)                  OT1/cmtt/m/n --> OT1/lmtt/m/n on input line 38.
) (/home/mcfanda/.TinyTeX/texmf-dist/tex/latex/microtype/microtype.sty
Package: microtype 2023/03/13 v3.1a Micro-typographical refinements (RS)
(/home/mcfanda/.TinyTeX/texmf-dist/tex/latex/graphics/keyval.sty
Package: keyval 2022/05/29 v1.15 key=value parser (DPC)
\KV@toks@=\toks22
) (/home/mcfanda/.TinyTeX/texmf-dist/tex/latex/etoolbox/etoolbox.sty
Package: etoolbox 2020/10/05 v2.5k e-TeX tools for LaTeX (JAW)
\etb@tempcnta=\count289
)
\MT@toks=\toks23
\MT@tempbox=\box54
\MT@count=\count290
LaTeX Info: Redefining \noprotrusionifhmode on input line 1059.
LaTeX Info: Redefining \leftprotrusion on input line 1060.
\MT@prot@toks=\toks24
LaTeX Info: Redefining \rightprotrusion on input line 1078.
LaTeX Info: Redefining \textls on input line 1368.
\MT@outer@kern=\dimen153
LaTeX Info: Redefining \textmicrotypecontext on input line 1988.
\MT@listname@count=\count291
(/home/mcfanda/.TinyTeX/texmf-dist/tex/latex/microtype/microtype-xetex.def
File: microtype-xetex.def 2023/03/13 v3.1a Definitions specific to xetex (RS)
LaTeX Info: Redefining \lsstyle on input line 238.
)
Package microtype Info: Loading configuration file microtype.cfg.
(/home/mcfanda/.TinyTeX/texmf-dist/tex/latex/microtype/microtype.cfg
File: microtype.cfg 2023/03/13 v3.1a microtype main configuration file (RS)
)) (/home/mcfanda/.TinyTeX/texmf-dist/tex/latex/xcolor/xcolor.sty
Package: xcolor 2023/11/15 v3.01 LaTeX color extensions (UK)
(/home/mcfanda/.TinyTeX/texmf-dist/tex/latex/graphics-cfg/color.cfg
File: color.cfg 2016/01/02 v1.6 sample color configuration
)
Package xcolor Info: Driver file: xetex.def on input line 274.
(/home/mcfanda/.TinyTeX/texmf-dist/tex/latex/graphics-def/xetex.def
File: xetex.def 2022/09/22 v5.0n Graphics/color driver for xetex
) (/home/mcfanda/.TinyTeX/texmf-dist/tex/latex/graphics/mathcolor.ltx)
Package xcolor Info: Model `cmy' substituted by `cmy0' on input line 1350.
Package xcolor Info: Model `RGB' extended on input line 1366.
Package xcolor Info: Model `HTML' substituted by `rgb' on input line 1368.
Package xcolor Info: Model `Hsb' substituted by `hsb' on input line 1369.
Package xcolor Info: Model `tHsb' substituted by `hsb' on input line 1370.
Package xcolor Info: Model `HSB' substituted by `hsb' on input line 1371.
Package xcolor Info: Model `Gray' substituted by `gray' on input line 1372.
Package xcolor Info: Model `wave' substituted by `hsb' on input line 1373.
) (/home/mcfanda/.TinyTeX/texmf-dist/tex/latex/fancyvrb/fancyvrb.sty
Package: fancyvrb 2024/01/20 4.5c verbatim text (tvz,hv)
\FV@CodeLineNo=\count292
\FV@InFile=\read2
\FV@TabBox=\box55
\c@FancyVerbLine=\count293
\FV@StepNumber=\count294
\FV@OutFile=\write3
) (/home/mcfanda/.TinyTeX/texmf-dist/tex/latex/framed/framed.sty
Package: framed 2011/10/22 v 0.96: framed or shaded text with page breaks
\OuterFrameSep=\skip53
\fb@frw=\dimen154
\fb@frh=\dimen155
\FrameRule=\dimen156
\FrameSep=\dimen157
) (/home/mcfanda/.TinyTeX/texmf-dist/tex/latex/tools/longtable.sty
Package: longtable 2023-11-01 v4.19 Multi-page Table package (DPC)
\LTleft=\skip54
\LTright=\skip55
\LTpre=\skip56
\LTpost=\skip57
\LTchunksize=\count295
\LTcapwidth=\dimen158
\LT@head=\box56
\LT@firsthead=\box57
\LT@foot=\box58
\LT@lastfoot=\box59
\LT@gbox=\box60
\LT@cols=\count296
\LT@rows=\count297
\c@LT@tables=\count298
\c@LT@chunks=\count299
\LT@p@ftn=\toks25
) (/home/mcfanda/.TinyTeX/texmf-dist/tex/latex/booktabs/booktabs.sty
Package: booktabs 2020/01/12 v1.61803398 Publication quality tables
\heavyrulewidth=\dimen159
\lightrulewidth=\dimen160
\cmidrulewidth=\dimen161
\belowrulesep=\dimen162
\belowbottomsep=\dimen163
\aboverulesep=\dimen164
\abovetopsep=\dimen165
\cmidrulesep=\dimen166
\cmidrulekern=\dimen167
\defaultaddspace=\dimen168
\@cmidla=\count300
\@cmidlb=\count301
\@aboverulesep=\dimen169
\@belowrulesep=\dimen170
\@thisruleclass=\count302
\@lastruleclass=\count303
\@thisrulewidth=\dimen171
) (/home/mcfanda/.TinyTeX/texmf-dist/tex/latex/tools/array.sty
Package: array 2023/10/16 v2.5g Tabular extension package (FMi)
\col@sep=\dimen172
\ar@mcellbox=\box61
\extrarowheight=\dimen173
\NC@list=\toks26
\extratabsurround=\skip58
\backup@length=\skip59
\ar@cellbox=\box62
) (/home/mcfanda/.TinyTeX/texmf-dist/tex/latex/tools/calc.sty
Package: calc 2023/07/08 v4.3 Infix arithmetic (KKT,FJ)
\calc@Acount=\count304
\calc@Bcount=\count305
\calc@Adimen=\dimen174
\calc@Bdimen=\dimen175
\calc@Askip=\skip60
\calc@Bskip=\skip61
LaTeX Info: Redefining \setlength on input line 80.
LaTeX Info: Redefining \addtolength on input line 81.
\calc@Ccount=\count306
\calc@Cskip=\skip62
) (/home/mcfanda/.TinyTeX/texmf-dist/tex/latex/mdwtools/footnote.sty
Package: footnote 1997/01/28 1.13 Save footnotes around boxes
\fn@notes=\box63
\fn@width=\dimen176
) (/home/mcfanda/.TinyTeX/texmf-dist/tex/latex/graphics/graphicx.sty
Package: graphicx 2021/09/16 v1.2d Enhanced LaTeX Graphics (DPC,SPQR)
(/home/mcfanda/.TinyTeX/texmf-dist/tex/latex/graphics/graphics.sty
Package: graphics 2022/03/10 v1.4e Standard LaTeX Graphics (DPC,SPQR)
(/home/mcfanda/.TinyTeX/texmf-dist/tex/latex/graphics/trig.sty
Package: trig 2021/08/11 v1.11 sin cos tan (DPC)
) (/home/mcfanda/.TinyTeX/texmf-dist/tex/latex/graphics-cfg/graphics.cfg
File: graphics.cfg 2016/06/04 v1.11 sample graphics configuration
)
Package graphics Info: Driver file: xetex.def on input line 107.
)
\Gin@req@height=\dimen177
\Gin@req@width=\dimen178
) (/home/mcfanda/.TinyTeX/texmf-dist/tex/latex/amscls/amsthm.sty
Package: amsthm 2020/05/29 v2.20.6
\thm@style=\toks27
\thm@bodyfont=\toks28
\thm@headfont=\toks29
\thm@notefont=\toks30
\thm@headpunct=\toks31
\thm@preskip=\skip63
\thm@postskip=\skip64
\thm@headsep=\skip65
\dth@everypar=\toks32
) (/home/mcfanda/.TinyTeX/texmf-dist/tex/latex/geometry/geometry.sty
Package: geometry 2020/01/02 v5.9 Page Geometry
(/home/mcfanda/.TinyTeX/texmf-dist/tex/generic/iftex/ifvtex.sty
Package: ifvtex 2019/10/25 v1.7 ifvtex legacy package. Use iftex instead.
)
\Gm@cnth=\count307
\Gm@cntv=\count308
\c@Gm@tempcnt=\count309
\Gm@bindingoffset=\dimen179
\Gm@wd@mp=\dimen180
\Gm@odd@mp=\dimen181
\Gm@even@mp=\dimen182
\Gm@layoutwidth=\dimen183
\Gm@layoutheight=\dimen184
\Gm@layouthoffset=\dimen185
\Gm@layoutvoffset=\dimen186
\Gm@dimlist=\toks33
) (/home/mcfanda/.TinyTeX/texmf-dist/tex/latex/natbib/natbib.sty
Package: natbib 2010/09/13 8.31b (PWD, AO)
\bibhang=\skip66
\bibsep=\skip67
LaTeX Info: Redefining \cite on input line 694.
\c@NAT@ctr=\count310
) (/home/mcfanda/.TinyTeX/texmf-dist/tex/latex/hyperref/hyperref.sty
Package: hyperref 2024-01-20 v7.01h Hypertext links for LaTeX
(/home/mcfanda/.TinyTeX/texmf-dist/tex/latex/kvsetkeys/kvsetkeys.sty
Package: kvsetkeys 2022-10-05 v1.19 Key value parser (HO)
) (/home/mcfanda/.TinyTeX/texmf-dist/tex/generic/kvdefinekeys/kvdefinekeys.sty
Package: kvdefinekeys 2019-12-19 v1.6 Define keys (HO)
) (/home/mcfanda/.TinyTeX/texmf-dist/tex/generic/pdfescape/pdfescape.sty
Package: pdfescape 2019/12/09 v1.15 Implements pdfTeX's escape features (HO)
(/home/mcfanda/.TinyTeX/texmf-dist/tex/generic/ltxcmds/ltxcmds.sty
Package: ltxcmds 2023-12-04 v1.26 LaTeX kernel commands for general use (HO)
) (/home/mcfanda/.TinyTeX/texmf-dist/tex/generic/pdftexcmds/pdftexcmds.sty
Package: pdftexcmds 2020-06-27 v0.33 Utility functions of pdfTeX for LuaTeX (HO)
(/home/mcfanda/.TinyTeX/texmf-dist/tex/generic/infwarerr/infwarerr.sty
Package: infwarerr 2019/12/03 v1.5 Providing info/warning/error messages (HO)
)
Package pdftexcmds Info: \pdf@primitive is available.
Package pdftexcmds Info: \pdf@ifprimitive is available.
Package pdftexcmds Info: \pdfdraftmode not found.
)) (/home/mcfanda/.TinyTeX/texmf-dist/tex/latex/hycolor/hycolor.sty
Package: hycolor 2020-01-27 v1.10 Color options for hyperref/bookmark (HO)
) (/home/mcfanda/.TinyTeX/texmf-dist/tex/latex/auxhook/auxhook.sty
Package: auxhook 2019-12-17 v1.6 Hooks for auxiliary files (HO)
) (/home/mcfanda/.TinyTeX/texmf-dist/tex/latex/hyperref/nameref.sty
Package: nameref 2023-11-26 v2.56 Cross-referencing by name of section
(/home/mcfanda/.TinyTeX/texmf-dist/tex/latex/refcount/refcount.sty
Package: refcount 2019/12/15 v3.6 Data extraction from label references (HO)
) (/home/mcfanda/.TinyTeX/texmf-dist/tex/generic/gettitlestring/gettitlestring.sty
Package: gettitlestring 2019/12/15 v1.6 Cleanup title references (HO)
(/home/mcfanda/.TinyTeX/texmf-dist/tex/latex/kvoptions/kvoptions.sty
Package: kvoptions 2022-06-15 v3.15 Key value format for package options (HO)
))
\c@section@level=\count311
)
\@linkdim=\dimen187
\Hy@linkcounter=\count312
\Hy@pagecounter=\count313
(/home/mcfanda/.TinyTeX/texmf-dist/tex/latex/hyperref/pd1enc.def
File: pd1enc.def 2024-01-20 v7.01h Hyperref: PDFDocEncoding definition (HO)
) (/home/mcfanda/.TinyTeX/texmf-dist/tex/generic/intcalc/intcalc.sty
Package: intcalc 2019/12/15 v1.3 Expandable calculations with integers (HO)
)
\Hy@SavedSpaceFactor=\count314
(/home/mcfanda/.TinyTeX/texmf-dist/tex/latex/hyperref/puenc.def
File: puenc.def 2024-01-20 v7.01h Hyperref: PDF Unicode definition (HO)
)
Package hyperref Info: Option `unicode' set `true' on input line 4062.
Package hyperref Info: Hyper figures OFF on input line 4179.
Package hyperref Info: Link nesting OFF on input line 4184.
Package hyperref Info: Hyper index ON on input line 4187.
Package hyperref Info: Plain pages OFF on input line 4194.
Package hyperref Info: Backreferencing OFF on input line 4199.
Package hyperref Info: Implicit mode ON; LaTeX internals redefined.
Package hyperref Info: Bookmarks ON on input line 4446.
\c@Hy@tempcnt=\count315
(/home/mcfanda/.TinyTeX/texmf-dist/tex/latex/url/url.sty
\Urlmuskip=\muskip18
Package: url 2013/09/16  ver 3.4  Verb mode for urls, etc.
)
LaTeX Info: Redefining \url on input line 4784.
\XeTeXLinkMargin=\dimen188
(/home/mcfanda/.TinyTeX/texmf-dist/tex/generic/bitset/bitset.sty
Package: bitset 2019/12/09 v1.3 Handle bit-vector datatype (HO)
(/home/mcfanda/.TinyTeX/texmf-dist/tex/generic/bigintcalc/bigintcalc.sty
Package: bigintcalc 2019/12/15 v1.5 Expandable calculations on big integers (HO)
))
\Fld@menulength=\count316
\Field@Width=\dimen189
\Fld@charsize=\dimen190
Package hyperref Info: Hyper figures OFF on input line 6063.
Package hyperref Info: Link nesting OFF on input line 6068.
Package hyperref Info: Hyper index ON on input line 6071.
Package hyperref Info: backreferencing OFF on input line 6078.
Package hyperref Info: Link coloring OFF on input line 6083.
Package hyperref Info: Link coloring with OCG OFF on input line 6088.
Package hyperref Info: PDF/A mode OFF on input line 6093.
(/home/mcfanda/.TinyTeX/texmf-dist/tex/latex/base/atbegshi-ltx.sty
Package: atbegshi-ltx 2021/01/10 v1.0c Emulation of the original atbegshi
package with kernel methods
)
\Hy@abspage=\count317
\c@Item=\count318
\c@Hfootnote=\count319
)
Package hyperref Info: Driver (autodetected): hxetex.
(/home/mcfanda/.TinyTeX/texmf-dist/tex/latex/hyperref/hxetex.def
File: hxetex.def 2024-01-20 v7.01h Hyperref driver for XeTeX
(/home/mcfanda/.TinyTeX/texmf-dist/tex/generic/stringenc/stringenc.sty
Package: stringenc 2019/11/29 v1.12 Convert strings between diff. encodings (HO)
)
\pdfm@box=\box64
\c@Hy@AnnotLevel=\count320
\HyField@AnnotCount=\count321
\Fld@listcount=\count322
\c@bookmark@seq@number=\count323
(/home/mcfanda/.TinyTeX/texmf-dist/tex/latex/rerunfilecheck/rerunfilecheck.sty
Package: rerunfilecheck 2022-07-10 v1.10 Rerun checks for auxiliary files (HO)
(/home/mcfanda/.TinyTeX/texmf-dist/tex/latex/base/atveryend-ltx.sty
Package: atveryend-ltx 2020/08/19 v1.0a Emulation of the original atveryend package
with kernel methods
) (/home/mcfanda/.TinyTeX/texmf-dist/tex/generic/uniquecounter/uniquecounter.sty
Package: uniquecounter 2019/12/15 v1.4 Provide unlimited unique counter (HO)
)
Package uniquecounter Info: New unique counter `rerunfilecheck' on input line 285.
)
\Hy@SectionHShift=\skip68
) (./gamljmodels.aux)
\openout1 = `gamljmodels.aux'.

LaTeX Font Info:    Checking defaults for OML/cmm/m/it on input line 140.
LaTeX Font Info:    ... okay on input line 140.
LaTeX Font Info:    Checking defaults for OMS/cmsy/m/n on input line 140.
LaTeX Font Info:    ... okay on input line 140.
LaTeX Font Info:    Checking defaults for OT1/cmr/m/n on input line 140.
LaTeX Font Info:    ... okay on input line 140.
LaTeX Font Info:    Checking defaults for T1/cmr/m/n on input line 140.
LaTeX Font Info:    ... okay on input line 140.
LaTeX Font Info:    Checking defaults for TS1/cmr/m/n on input line 140.
LaTeX Font Info:    ... okay on input line 140.
LaTeX Font Info:    Checking defaults for TU/lmr/m/n on input line 140.
LaTeX Font Info:    ... okay on input line 140.
LaTeX Font Info:    Checking defaults for OMX/cmex/m/n on input line 140.
LaTeX Font Info:    ... okay on input line 140.
LaTeX Font Info:    Checking defaults for U/cmr/m/n on input line 140.
LaTeX Font Info:    ... okay on input line 140.
LaTeX Font Info:    Checking defaults for PD1/pdf/m/n on input line 140.
LaTeX Font Info:    ... okay on input line 140.
LaTeX Font Info:    Checking defaults for PU/pdf/m/n on input line 140.
LaTeX Font Info:    ... okay on input line 140.
LaTeX Font Info:    Overwriting math alphabet `\mathrm' in version `normal'
(Font)                  OT1/lmr/m/n --> TU/lmr/m/n on input line 140.
LaTeX Font Info:    Overwriting math alphabet `\mathit' in version `normal'
(Font)                  OT1/lmr/m/it --> TU/lmr/m/it on input line 140.
LaTeX Font Info:    Overwriting math alphabet `\mathbf' in version `normal'
(Font)                  OT1/lmr/bx/n --> TU/lmr/bx/n on input line 140.
LaTeX Font Info:    Overwriting math alphabet `\mathsf' in version `normal'
(Font)                  OT1/lmss/m/n --> TU/lmss/m/n on input line 140.
LaTeX Font Info:    Overwriting math alphabet `\mathsf' in version `bold'
(Font)                  OT1/lmss/bx/n --> TU/lmss/bx/n on input line 140.
LaTeX Font Info:    Overwriting math alphabet `\mathtt' in version `normal'
(Font)                  OT1/lmtt/m/n --> TU/lmtt/m/n on input line 140.
LaTeX Font Info:    Overwriting math alphabet `\mathtt' in version `bold'
(Font)                  OT1/lmtt/m/n --> TU/lmtt/bx/n on input line 140.

Package fontspec Info: latinmodern-math scale = 0.9999964596882403.


Package fontspec Info: latinmodern-math scale = 0.9999964596882403.


Package fontspec Info: latinmodern-math scale = 0.9999964596882403.


Package fontspec Info: Font family 'latinmodern-math.otf(0)' created for font
(fontspec)             'latinmodern-math.otf' with options
(fontspec)             [Scale=MatchLowercase,BoldItalicFont={},ItalicFont={},SmallCapsFont={},Script=Math,BoldFont={latinmodern-math.otf}].
(fontspec)              
(fontspec)              This font family consists of the following NFSS
(fontspec)             series/shapes:
(fontspec)              
(fontspec)             - 'normal' (m/n) with NFSS spec.:
(fontspec)             <->s*[0.9999964596882403]"[latinmodern-math.otf]/OT:script=math;language=dflt;"
(fontspec)             - 'small caps'  (m/sc) with NFSS spec.: 
(fontspec)             - 'bold' (b/n) with NFSS spec.:
(fontspec)             <->s*[0.9999964596882403]"[latinmodern-math.otf]/OT:script=math;language=dflt;"
(fontspec)             - 'bold small caps'  (b/sc) with NFSS spec.: 

LaTeX Font Info:    Font shape `TU/latinmodern-math.otf(0)/m/n' will be
(Font)              scaled to size 10.0pt on input line 140.

Package fontspec Info: latinmodern-math scale = 0.9999964596882403.


Package fontspec Info: latinmodern-math scale = 0.9999964596882403.


Package fontspec Info: latinmodern-math scale = 0.9999964596882403.


Package fontspec Info: latinmodern-math scale = 0.9999964596882403.


Package fontspec Info: latinmodern-math scale = 0.9999964596882403.


Package fontspec Info: Font family 'latinmodern-math.otf(1)' created for font
(fontspec)             'latinmodern-math.otf' with options
(fontspec)             [Scale=MatchLowercase,BoldItalicFont={},ItalicFont={},SmallCapsFont={},Script=Math,SizeFeatures={{Size=8.5-},{Size=6-8.5,Font=latinmodern-math.otf,Style=MathScript},{Size=-6,Font=latinmodern-math.otf,Style=MathScriptScript}},BoldFont={latinmodern-math.otf}].
(fontspec)              
(fontspec)              This font family consists of the following NFSS
(fontspec)             series/shapes:
(fontspec)              
(fontspec)             - 'normal' (m/n) with NFSS spec.:
(fontspec)             <8.5->s*[0.9999964596882403]"[latinmodern-math.otf]/OT:script=math;language=dflt;"<6-8.5>s*[0.9999964596882403]"[latinmodern-math.otf]/OT:script=math;language=dflt;+ssty=0;"<-6>s*[0.9999964596882403]"[latinmodern-math.otf]/OT:script=math;language=dflt;+ssty=1;"
(fontspec)             - 'small caps'  (m/sc) with NFSS spec.: 
(fontspec)             - 'bold' (b/n) with NFSS spec.:
(fontspec)             <->s*[0.9999964596882403]"[latinmodern-math.otf]/OT:script=math;language=dflt;"
(fontspec)             - 'bold small caps'  (b/sc) with NFSS spec.: 

LaTeX Font Info:    Font shape `TU/latinmodern-math.otf(1)/m/n' will be
(Font)              scaled to size 10.0pt on input line 140.
LaTeX Font Info:    Encoding `OT1' has changed to `TU' for symbol font
(Font)              `operators' in the math version `normal' on input line 140.
LaTeX Font Info:    Overwriting symbol font `operators' in version `normal'
(Font)                  OT1/lmr/m/n --> TU/latinmodern-math.otf(1)/m/n on input line 140.
LaTeX Font Info:    Encoding `OT1' has changed to `TU' for symbol font
(Font)              `operators' in the math version `bold' on input line 140.
LaTeX Font Info:    Overwriting symbol font `operators' in version `bold'
(Font)                  OT1/lmr/bx/n --> TU/latinmodern-math.otf(1)/b/n on input line 140.

Package fontspec Info: latinmodern-math scale = 0.9999964596882403.


Package fontspec Info: latinmodern-math scale = 1.000096459334209.


Package fontspec Info: latinmodern-math scale = 0.9999964596882403.


Package fontspec Info: latinmodern-math scale = 1.000096459334209.


Package fontspec Info: latinmodern-math scale = 0.9999964596882403.


Package fontspec Info: latinmodern-math scale = 1.000096459334209.


Package fontspec Info: latinmodern-math scale = 0.9999964596882403.


Package fontspec Info: latinmodern-math scale = 1.000096459334209.


Package fontspec Info: latinmodern-math scale = 0.9999964596882403.


Package fontspec Info: latinmodern-math scale = 1.000096459334209.


Package fontspec Info: Font family 'latinmodern-math.otf(2)' created for font
(fontspec)             'latinmodern-math.otf' with options
(fontspec)             [Scale=MatchLowercase,BoldItalicFont={},ItalicFont={},SmallCapsFont={},Script=Math,SizeFeatures={{Size=8.5-},{Size=6-8.5,Font=latinmodern-math.otf,Style=MathScript},{Size=-6,Font=latinmodern-math.otf,Style=MathScriptScript}},BoldFont={latinmodern-math.otf},ScaleAgain=1.0001,FontAdjustment={\fontdimen
(fontspec)             8\font =6.77pt\relax \fontdimen 9\font =3.94pt\relax
(fontspec)             \fontdimen 10\font =4.44pt\relax \fontdimen 11\font
(fontspec)             =6.86pt\relax \fontdimen 12\font =3.45pt\relax
(fontspec)             \fontdimen 13\font =3.63pt\relax \fontdimen 14\font
(fontspec)             =3.63pt\relax \fontdimen 15\font =2.89pt\relax
(fontspec)             \fontdimen 16\font =2.47pt\relax \fontdimen 17\font
(fontspec)             =2.47pt\relax \fontdimen 18\font =2.5pt\relax
(fontspec)             \fontdimen 19\font =2.0pt\relax \fontdimen 22\font
(fontspec)             =2.5pt\relax \fontdimen 20\font =0pt\relax \fontdimen
(fontspec)             21\font =0pt\relax }].
(fontspec)              
(fontspec)              This font family consists of the following NFSS
(fontspec)             series/shapes:
(fontspec)              
(fontspec)             - 'normal' (m/n) with NFSS spec.:
(fontspec)             <8.5->s*[1.000096459334209]"[latinmodern-math.otf]/OT:script=math;language=dflt;"<6-8.5>s*[1.000096459334209]"[latinmodern-math.otf]/OT:script=math;language=dflt;+ssty=0;"<-6>s*[1.000096459334209]"[latinmodern-math.otf]/OT:script=math;language=dflt;+ssty=1;"
(fontspec)             - 'small caps'  (m/sc) with NFSS spec.: 
(fontspec)             and font adjustment code:
(fontspec)             \fontdimen 8\font =6.77pt\relax \fontdimen 9\font
(fontspec)             =3.94pt\relax \fontdimen 10\font =4.44pt\relax
(fontspec)             \fontdimen 11\font =6.86pt\relax \fontdimen 12\font
(fontspec)             =3.45pt\relax \fontdimen 13\font =3.63pt\relax
(fontspec)             \fontdimen 14\font =3.63pt\relax \fontdimen 15\font
(fontspec)             =2.89pt\relax \fontdimen 16\font =2.47pt\relax
(fontspec)             \fontdimen 17\font =2.47pt\relax \fontdimen 18\font
(fontspec)             =2.5pt\relax \fontdimen 19\font =2.0pt\relax \fontdimen
(fontspec)             22\font =2.5pt\relax \fontdimen 20\font =0pt\relax
(fontspec)             \fontdimen 21\font =0pt\relax 
(fontspec)             - 'bold' (b/n) with NFSS spec.:
(fontspec)             <->s*[1.000096459334209]"[latinmodern-math.otf]/OT:script=math;language=dflt;"
(fontspec)             - 'bold small caps'  (b/sc) with NFSS spec.: 
(fontspec)             and font adjustment code:
(fontspec)             \fontdimen 8\font =6.77pt\relax \fontdimen 9\font
(fontspec)             =3.94pt\relax \fontdimen 10\font =4.44pt\relax
(fontspec)             \fontdimen 11\font =6.86pt\relax \fontdimen 12\font
(fontspec)             =3.45pt\relax \fontdimen 13\font =3.63pt\relax
(fontspec)             \fontdimen 14\font =3.63pt\relax \fontdimen 15\font
(fontspec)             =2.89pt\relax \fontdimen 16\font =2.47pt\relax
(fontspec)             \fontdimen 17\font =2.47pt\relax \fontdimen 18\font
(fontspec)             =2.5pt\relax \fontdimen 19\font =2.0pt\relax \fontdimen
(fontspec)             22\font =2.5pt\relax \fontdimen 20\font =0pt\relax
(fontspec)             \fontdimen 21\font =0pt\relax 

LaTeX Font Info:    Encoding `OMS' has changed to `TU' for symbol font
(Font)              `symbols' in the math version `normal' on input line 140.
LaTeX Font Info:    Overwriting symbol font `symbols' in version `normal'
(Font)                  OMS/lmsy/m/n --> TU/latinmodern-math.otf(2)/m/n on input line 140.
LaTeX Font Info:    Encoding `OMS' has changed to `TU' for symbol font
(Font)              `symbols' in the math version `bold' on input line 140.
LaTeX Font Info:    Overwriting symbol font `symbols' in version `bold'
(Font)                  OMS/lmsy/b/n --> TU/latinmodern-math.otf(2)/b/n on input line 140.

Package fontspec Info: latinmodern-math scale = 0.9999964596882403.


Package fontspec Info: latinmodern-math scale = 0.9998964600422715.


Package fontspec Info: latinmodern-math scale = 0.9999964596882403.


Package fontspec Info: latinmodern-math scale = 0.9998964600422715.


Package fontspec Info: latinmodern-math scale = 0.9999964596882403.


Package fontspec Info: latinmodern-math scale = 0.9998964600422715.


Package fontspec Info: latinmodern-math scale = 0.9999964596882403.


Package fontspec Info: latinmodern-math scale = 0.9998964600422715.


Package fontspec Info: latinmodern-math scale = 0.9999964596882403.


Package fontspec Info: latinmodern-math scale = 0.9998964600422715.


Package fontspec Info: Font family 'latinmodern-math.otf(3)' created for font
(fontspec)             'latinmodern-math.otf' with options
(fontspec)             [Scale=MatchLowercase,BoldItalicFont={},ItalicFont={},SmallCapsFont={},Script=Math,SizeFeatures={{Size=8.5-},{Size=6-8.5,Font=latinmodern-math.otf,Style=MathScript},{Size=-6,Font=latinmodern-math.otf,Style=MathScriptScript}},BoldFont={latinmodern-math.otf},ScaleAgain=0.9999,FontAdjustment={\fontdimen
(fontspec)             8\font =0.4pt\relax \fontdimen 9\font =2.0pt\relax
(fontspec)             \fontdimen 10\font =1.67pt\relax \fontdimen 11\font
(fontspec)             =1.11pt\relax \fontdimen 12\font =6.0pt\relax
(fontspec)             \fontdimen 13\font =0pt\relax }].
(fontspec)              
(fontspec)              This font family consists of the following NFSS
(fontspec)             series/shapes:
(fontspec)              
(fontspec)             - 'normal' (m/n) with NFSS spec.:
(fontspec)             <8.5->s*[0.9998964600422715]"[latinmodern-math.otf]/OT:script=math;language=dflt;"<6-8.5>s*[0.9998964600422715]"[latinmodern-math.otf]/OT:script=math;language=dflt;+ssty=0;"<-6>s*[0.9998964600422715]"[latinmodern-math.otf]/OT:script=math;language=dflt;+ssty=1;"
(fontspec)             - 'small caps'  (m/sc) with NFSS spec.: 
(fontspec)             and font adjustment code:
(fontspec)             \fontdimen 8\font =0.4pt\relax \fontdimen 9\font
(fontspec)             =2.0pt\relax \fontdimen 10\font =1.67pt\relax
(fontspec)             \fontdimen 11\font =1.11pt\relax \fontdimen 12\font
(fontspec)             =6.0pt\relax \fontdimen 13\font =0pt\relax 
(fontspec)             - 'bold' (b/n) with NFSS spec.:
(fontspec)             <->s*[0.9998964600422715]"[latinmodern-math.otf]/OT:script=math;language=dflt;"
(fontspec)             - 'bold small caps'  (b/sc) with NFSS spec.: 
(fontspec)             and font adjustment code:
(fontspec)             \fontdimen 8\font =0.4pt\relax \fontdimen 9\font
(fontspec)             =2.0pt\relax \fontdimen 10\font =1.67pt\relax
(fontspec)             \fontdimen 11\font =1.11pt\relax \fontdimen 12\font
(fontspec)             =6.0pt\relax \fontdimen 13\font =0pt\relax 

LaTeX Font Info:    Encoding `OMX' has changed to `TU' for symbol font
(Font)              `largesymbols' in the math version `normal' on input line 140.
LaTeX Font Info:    Overwriting symbol font `largesymbols' in version `normal'
(Font)                  OMX/lmex/m/n --> TU/latinmodern-math.otf(3)/m/n on input line 140.
LaTeX Font Info:    Encoding `OMX' has changed to `TU' for symbol font
(Font)              `largesymbols' in the math version `bold' on input line 140.
LaTeX Font Info:    Overwriting symbol font `largesymbols' in version `bold'
(Font)                  OMX/lmex/m/n --> TU/latinmodern-math.otf(3)/b/n on input line 140.
LaTeX Info: Redefining \microtypecontext on input line 140.
Package microtype Info: Applying patch `item' on input line 140.
Package microtype Info: Applying patch `toc' on input line 140.
Package microtype Info: Applying patch `eqnum' on input line 140.
Package microtype Info: Applying patch `footnote' on input line 140.
Package microtype Info: Applying patch `verbatim' on input line 140.
Package microtype Info: Character protrusion enabled (level 2).
Package microtype Info: Using protrusion set `basicmath'.
Package microtype Info: No adjustment of tracking.
Package microtype Info: No adjustment of spacing.
Package microtype Info: No adjustment of kerning.
(/home/mcfanda/.TinyTeX/texmf-dist/tex/latex/microtype/mt-LatinModernRoman.cfg
File: mt-LatinModernRoman.cfg 2021/02/21 v1.1 microtype config. file: Latin Modern Roman (RS)
)
*geometry* driver: auto-detecting
*geometry* detected driver: xetex
*geometry* verbose mode - [ preamble ] result:
* driver: xetex
* paper: a4paper
* layout: <same size as paper>
* layoutoffset:(h,v)=(0.0pt,0.0pt)
* modes: twoside 
* h-part:(L,W,R)=(85.35826pt, 426.79135pt, 85.35826pt)
* v-part:(T,H,B)=(85.35826pt, 674.33032pt, 85.35826pt)
* \paperwidth=597.50787pt
* \paperheight=845.04684pt
* \textwidth=426.79135pt
* \textheight=674.33032pt
* \oddsidemargin=13.08827pt
* \evensidemargin=13.08827pt
* \topmargin=-16.97922pt
* \headheight=12.0pt
* \headsep=18.06749pt
* \topskip=10.0pt
* \footskip=25.29494pt
* \marginparwidth=125.0pt
* \marginparsep=7.0pt
* \columnsep=10.0pt
* \skip\footins=9.0pt plus 4.0pt minus 2.0pt
* \hoffset=0.0pt
* \voffset=0.0pt
* \mag=1000
* \@twocolumnfalse
* \@twosidetrue
* \@mparswitchtrue
* \@reversemarginfalse
* (1in=72.27pt=25.4mm, 1cm=28.453pt)

Package hyperref Info: Link coloring OFF on input line 140.
(./gamljmodels.out) (./gamljmodels.out)
\@outlinefile=\write4
\openout4 = `gamljmodels.out'.

LaTeX Font Info:    Font shape `TU/latinmodern-math.otf(1)/m/n' will be
(Font)              scaled to size 12.0pt on input line 142.
LaTeX Font Info:    Font shape `TU/latinmodern-math.otf(1)/m/n' will be
(Font)              scaled to size 8.0pt on input line 142.
LaTeX Font Info:    Font shape `TU/latinmodern-math.otf(1)/m/n' will be
(Font)              scaled to size 6.0pt on input line 142.
LaTeX Font Info:    Trying to load font information for OML+lmm on input line 142.
(/home/mcfanda/.TinyTeX/texmf-dist/tex/latex/lm/omllmm.fd
File: omllmm.fd 2015/05/01 v1.6.1 Font defs for Latin Modern
)
LaTeX Font Info:    Font shape `TU/latinmodern-math.otf(2)/m/n' will be
(Font)              scaled to size 12.0011pt on input line 142.
LaTeX Font Info:    Font shape `TU/latinmodern-math.otf(2)/m/n' will be
(Font)              scaled to size 8.00073pt on input line 142.
LaTeX Font Info:    Font shape `TU/latinmodern-math.otf(2)/m/n' will be
(Font)              scaled to size 6.00055pt on input line 142.
LaTeX Font Info:    Font shape `TU/latinmodern-math.otf(3)/m/n' will be
(Font)              scaled to size 11.99872pt on input line 142.
LaTeX Font Info:    Font shape `TU/latinmodern-math.otf(3)/m/n' will be
(Font)              scaled to size 7.99915pt on input line 142.
LaTeX Font Info:    Font shape `TU/latinmodern-math.otf(3)/m/n' will be
(Font)              scaled to size 5.99936pt on input line 142.
LaTeX Font Info:    Trying to load font information for U+msa on input line 142.
(/home/mcfanda/.TinyTeX/texmf-dist/tex/latex/amsfonts/umsa.fd
File: umsa.fd 2013/01/14 v3.01 AMS symbols A
) (/home/mcfanda/.TinyTeX/texmf-dist/tex/latex/microtype/mt-msa.cfg
File: mt-msa.cfg 2006/02/04 v1.1 microtype config. file: AMS symbols (a) (RS)
)
LaTeX Font Info:    Trying to load font information for U+msb on input line 142.
(/home/mcfanda/.TinyTeX/texmf-dist/tex/latex/amsfonts/umsb.fd
File: umsb.fd 2013/01/14 v3.01 AMS symbols B
) (/home/mcfanda/.TinyTeX/texmf-dist/tex/latex/microtype/mt-msb.cfg
File: mt-msb.cfg 2005/06/01 v1.0 microtype config. file: AMS symbols (b) (RS)
) [1


] [2

] (./gamljmodels.toc
LaTeX Font Info:    Font shape `TU/latinmodern-math.otf(1)/m/n' will be
(Font)              scaled to size 7.0pt on input line 2.
LaTeX Font Info:    Font shape `TU/latinmodern-math.otf(1)/m/n' will be
(Font)              scaled to size 5.0pt on input line 2.
LaTeX Font Info:    Font shape `TU/latinmodern-math.otf(2)/m/n' will be
(Font)              scaled to size 10.00092pt on input line 2.
LaTeX Font Info:    Font shape `TU/latinmodern-math.otf(2)/m/n' will be
(Font)              scaled to size 7.00064pt on input line 2.
LaTeX Font Info:    Font shape `TU/latinmodern-math.otf(2)/m/n' will be
(Font)              scaled to size 5.00046pt on input line 2.
LaTeX Font Info:    Font shape `TU/latinmodern-math.otf(3)/m/n' will be
(Font)              scaled to size 9.99893pt on input line 2.
LaTeX Font Info:    Font shape `TU/latinmodern-math.otf(3)/m/n' will be
(Font)              scaled to size 6.99925pt on input line 2.
LaTeX Font Info:    Font shape `TU/latinmodern-math.otf(3)/m/n' will be
(Font)              scaled to size 4.99947pt on input line 2.
[3])
\tf@toc=\write5
\openout5 = `gamljmodels.toc'.

[4]
Chapter 1.

LaTeX Warning: Reference `nb' on page 5 undefined on input line 191.

File: bookletpics/0_library1.png Graphic file (type bmp)
<bookletpics/0_library1.png>
[5

]
File: bookletpics/0_library2.png Graphic file (type bmp)
<bookletpics/0_library2.png>
File: bookletpics/0_menu1.png Graphic file (type bmp)
<bookletpics/0_menu1.png>
[6]
File: bookletpics/0_datalibrary1.png Graphic file (type bmp)
<bookletpics/0_datalibrary1.png>
[7] [8] [9] [10]
Chapter 2.
File: bookletpics/2_scatterplot1.png Graphic file (type bmp)
<bookletpics/2_scatterplot1.png>

Underfull \vbox (badness 10000) has occurred while \output is active []

[11

]
File: bookletpics/2_menu1.png Graphic file (type bmp)
<bookletpics/2_menu1.png>
File: bookletpics/2_input1.png Graphic file (type bmp)
<bookletpics/2_input1.png>

Underfull \vbox (badness 10000) has occurred while \output is active []

[12]
File: bookletpics/2_output1.png Graphic file (type bmp)
<bookletpics/2_output1.png>
File: bookletpics/2_output2.png Graphic file (type bmp)
<bookletpics/2_output2.png>

Underfull \vbox (badness 10000) has occurred while \output is active []

[13]
File: bookletpics/2_output3.png Graphic file (type bmp)
<bookletpics/2_output3.png>
File: bookletpics/2_output4.png Graphic file (type bmp)
<bookletpics/2_output4.png>

Underfull \vbox (badness 10000) has occurred while \output is active []

[14]
File: bookletpics/2_output5.png Graphic file (type bmp)
<bookletpics/2_output5.png>
[15]
File: bookletpics/2_output2.png Graphic file (type bmp)
<bookletpics/2_output2.png>
File: bookletpics/2_output8.png Graphic file (type bmp)
<bookletpics/2_output8.png>
[16]
File: bookletpics/2_simple_input9.png Graphic file (type bmp)
<bookletpics/2_simple_input9.png>
File: bookletpics/2_simple_output9.png Graphic file (type bmp)
<bookletpics/2_simple_output9.png>
File: bookletpics/2_input3.png Graphic file (type bmp)
<bookletpics/2_input3.png>
File: bookletpics/2_plot1.png Graphic file (type bmp)
<bookletpics/2_plot1.png>
[17]
File: bookletpics/2_input4.png Graphic file (type bmp)
<bookletpics/2_input4.png>
[18]
File: bookletpics/2_output6.png Graphic file (type bmp)
<bookletpics/2_output6.png>
File: bookletpics/2_output7.png Graphic file (type bmp)
<bookletpics/2_output7.png>
[19]
File: bookletpics/2_output9.png Graphic file (type bmp)
<bookletpics/2_output9.png>
[20]
File: bookletpics/2_input10.png Graphic file (type bmp)
<bookletpics/2_input10.png>
File: bookletpics/2_output10.png Graphic file (type bmp)
<bookletpics/2_output10.png>

Underfull \vbox (badness 10000) has occurred while \output is active []

[21]
File: bookletpics/2_input11.png Graphic file (type bmp)
<bookletpics/2_input11.png>
File: bookletpics/2_output11.png Graphic file (type bmp)
<bookletpics/2_output11.png>
[22]
Underfull \vbox (badness 5548) has occurred while \output is active []

[23]
File: bookletpics/2_input10.png Graphic file (type bmp)
<bookletpics/2_input10.png>
File: bookletpics/2_output12.png Graphic file (type bmp)
<bookletpics/2_output12.png>
[24]
File: bookletpics/2_input13.png Graphic file (type bmp)
<bookletpics/2_input13.png>
File: bookletpics/2_output13.png Graphic file (type bmp)
<bookletpics/2_output13.png>
File: bookletpics/2_input14.png Graphic file (type bmp)
<bookletpics/2_input14.png>

Underfull \vbox (badness 10000) has occurred while \output is active []

[25]
File: bookletpics/2_output14.png Graphic file (type bmp)
<bookletpics/2_output14.png>
File: bookletpics/2_anova_output1.png Graphic file (type bmp)
<bookletpics/2_anova_output1.png>

Underfull \vbox (badness 10000) has occurred while \output is active []

[26]
File: bookletpics/2_anova_input1.png Graphic file (type bmp)
<bookletpics/2_anova_input1.png>

Overfull \hbox (349.16469pt too wide) in paragraph at lines 565--566
[][] 
 []

File: bookletpics/2_anova_input2.png Graphic file (type bmp)
<bookletpics/2_anova_input2.png>

Overfull \hbox (329.06512pt too wide) in paragraph at lines 567--568
[][] 
 []


Underfull \vbox (badness 10000) has occurred while \output is active []

[27]
File: bookletpics/2_anova_input3.png Graphic file (type bmp)
<bookletpics/2_anova_input3.png>

Overfull \hbox (147.04562pt too wide) in paragraph at lines 573--574
[][] 
 []


Underfull \vbox (badness 10000) has occurred while \output is active []

[28]
File: bookletpics/2_anova_output2.png Graphic file (type bmp)
<bookletpics/2_anova_output2.png>

Overfull \hbox (38.6419pt too wide) in paragraph at lines 580--581
[] 
 []


Underfull \vbox (badness 10000) has occurred while \output is active []

[29]
File: bookletpics/2_anova_output3.png Graphic file (type bmp)
<bookletpics/2_anova_output3.png>

Overfull \hbox (467.6296pt too wide) in paragraph at lines 589--590
[][] 
 []


Underfull \vbox (badness 10000) has occurred while \output is active []

[30]
File: bookletpics/2_anova_input4.png Graphic file (type bmp)
<bookletpics/2_anova_input4.png>

Overfull \hbox (135.30725pt too wide) in paragraph at lines 593--594
[][] 
 []

[31]
File: bookletpics/2_anova_output4.png Graphic file (type bmp)
<bookletpics/2_anova_output4.png>
File: bookletpics/2_anova_input5.png Graphic file (type bmp)
<bookletpics/2_anova_input5.png>

Overfull \hbox (126.07097pt too wide) in paragraph at lines 610--611
[][] 
 []


Underfull \vbox (badness 10000) has occurred while \output is active []

[32]
File: bookletpics/2_anova_output5.png Graphic file (type bmp)
<bookletpics/2_anova_output5.png>

Overfull \hbox (249.67256pt too wide) in paragraph at lines 612--613
[][] 
 []


Underfull \vbox (badness 10000) has occurred while \output is active []

[33] [34]
File: bookletpics/2_anova_input6.png Graphic file (type bmp)
<bookletpics/2_anova_input6.png>

Overfull \hbox (145.35349pt too wide) in paragraph at lines 621--622
[][] 
 []

File: bookletpics/2_anova_output6.png Graphic file (type bmp)
<bookletpics/2_anova_output6.png>

Overfull \hbox (363.12178pt too wide) in paragraph at lines 623--624
[][] 
 []


Underfull \vbox (badness 10000) has occurred while \output is active []

[35]
Underfull \vbox (badness 1354) has occurred while \output is active []

[36]
File: bookletpics/2_anova_output8.png Graphic file (type bmp)
<bookletpics/2_anova_output8.png>

Overfull \hbox (608.07233pt too wide) in paragraph at lines 649--650
[][] 
 []


Underfull \vbox (badness 7273) has occurred while \output is active []

[37]
File: bookletpics/2_anova_input7.png Graphic file (type bmp)
<bookletpics/2_anova_input7.png>

Overfull \hbox (145.34476pt too wide) in paragraph at lines 660--661
[][] 
 []


Underfull \vbox (badness 10000) has occurred while \output is active []

[38]
File: bookletpics/2_anova_output7.png Graphic file (type bmp)
<bookletpics/2_anova_output7.png>

Overfull \hbox (99.19644pt too wide) in paragraph at lines 662--663
[][] 
 []

[39]
File: bookletpics/2_moderation_output1.png Graphic file (type bmp)
<bookletpics/2_moderation_output1.png>

Overfull \hbox (89.13487pt too wide) in paragraph at lines 670--671
[][] 
 []

File: bookletpics/2_ancova_input1.png Graphic file (type bmp)
<bookletpics/2_ancova_input1.png>

Overfull \hbox (161.46754pt too wide) in paragraph at lines 681--682
[][] 
 []


Underfull \vbox (badness 10000) has occurred while \output is active []

[40]
File: bookletpics/2_ancova_input2.png Graphic file (type bmp)
<bookletpics/2_ancova_input2.png>

Overfull \hbox (152.12354pt too wide) in paragraph at lines 685--686
[][] 
 []


Underfull \vbox (badness 10000) has occurred while \output is active []

[41]
File: bookletpics/2_ancova_output1.png Graphic file (type bmp)
<bookletpics/2_ancova_output1.png>

Overfull \hbox (370.18417pt too wide) in paragraph at lines 690--691
[] 
 []


Underfull \vbox (badness 10000) has occurred while \output is active []

[42]
Underfull \vbox (badness 10000) has occurred while \output is active []

[43]
Overfull \vbox (19.78575pt too high) has occurred while \output is active []

[44]
File: bookletpics/2_ancova_input3.png Graphic file (type bmp)
<bookletpics/2_ancova_input3.png>

Overfull \hbox (142.36821pt too wide) in paragraph at lines 699--700
[][] 
 []

[45]
File: bookletpics/2_ancova_output3.png Graphic file (type bmp)
<bookletpics/2_ancova_output3.png>

Overfull \hbox (74.06337pt too wide) in paragraph at lines 703--704
[][] 
 []


Underfull \vbox (badness 2617) has occurred while \output is active []

[46]
File: bookletpics/2_ancova_input4.png Graphic file (type bmp)
<bookletpics/2_ancova_input4.png>

Overfull \hbox (139.1322pt too wide) in paragraph at lines 717--718
[][] 
 []

File: bookletpics/2_ancova_output4a.png Graphic file (type bmp)
<bookletpics/2_ancova_output4a.png>

Overfull \hbox (198.36206pt too wide) in paragraph at lines 719--720
[][] 
 []


Underfull \vbox (badness 10000) has occurred while \output is active []

[47]
File: bookletpics/2_ancova_output4b.png Graphic file (type bmp)
<bookletpics/2_ancova_output4b.png>

Overfull \hbox (228.68578pt too wide) in paragraph at lines 721--722
[][] 
 []


Underfull \vbox (badness 10000) has occurred while \output is active []

[48]
File: bookletpics/2_ancova_input5.png Graphic file (type bmp)
<bookletpics/2_ancova_input5.png>

Overfull \hbox (137.36638pt too wide) in paragraph at lines 730--731
[][] 
 []


Underfull \vbox (badness 10000) has occurred while \output is active []

[49]
File: bookletpics/2_ancova_output5.png Graphic file (type bmp)
<bookletpics/2_ancova_output5.png>

Overfull \hbox (394.18645pt too wide) in paragraph at lines 732--733
[][] 
 []


Underfull \vbox (badness 10000) has occurred while \output is active []

[50]
File: bookletpics/2_ancova_input6.png Graphic file (type bmp)
<bookletpics/2_ancova_input6.png>

Overfull \hbox (142.37689pt too wide) in paragraph at lines 741--742
[][] 
 []


Underfull \vbox (badness 10000) has occurred while \output is active []

[51]
File: bookletpics/2_ancova_output6.png Graphic file (type bmp)
<bookletpics/2_ancova_output6.png>

Overfull \hbox (379.02112pt too wide) in paragraph at lines 743--744
[][] 
 []


Underfull \vbox (badness 10000) has occurred while \output is active []

[52]
File: bookletpics/2_modelcomparison_input1.png Graphic file (type bmp)
<bookletpics/2_modelcomparison_input1.png>

Overfull \hbox (138.31853pt too wide) in paragraph at lines 755--756
[][] 
 []

[53]
File: bookletpics/2_modelcomparison_input2.png Graphic file (type bmp)
<bookletpics/2_modelcomparison_input2.png>

Overfull \hbox (145.35349pt too wide) in paragraph at lines 761--762
[][] 
 []


Underfull \vbox (badness 10000) has occurred while \output is active []

[54]
File: bookletpics/2_modelcomparison_output2.png Graphic file (type bmp)
<bookletpics/2_modelcomparison_output2.png>

Overfull \hbox (70.07884pt too wide) in paragraph at lines 765--766
[][] 
 []


Underfull \vbox (badness 10000) has occurred while \output is active []

[55]
File: bookletpics/2_modelcomparison_input3.png Graphic file (type bmp)
<bookletpics/2_modelcomparison_input3.png>

Overfull \hbox (134.05524pt too wide) in paragraph at lines 774--775
[][] 
 []


Underfull \vbox (badness 10000) has occurred while \output is active []

[56]
File: bookletpics/2_modelcomparison_output3.png Graphic file (type bmp)
<bookletpics/2_modelcomparison_output3.png>

Overfull \hbox (25.61557pt too wide) in paragraph at lines 776--777
[][] 
 []

[57]
File: bookletpics/2_modelcomparison_input4.png Graphic file (type bmp)
<bookletpics/2_modelcomparison_input4.png>

Overfull \hbox (134.05524pt too wide) in paragraph at lines 783--784
[][] 
 []

File: bookletpics/2_modelcomparison_output4.png Graphic file (type bmp)
<bookletpics/2_modelcomparison_output4.png>

Overfull \hbox (84.87775pt too wide) in paragraph at lines 785--786
[][] 
 []


Underfull \vbox (badness 10000) has occurred while \output is active []

[58]
File: bookletpics/2_modelcomparison_input5.png Graphic file (type bmp)
<bookletpics/2_modelcomparison_input5.png>

Overfull \hbox (130.31403pt too wide) in paragraph at lines 789--790
[][] 
 []


Underfull \vbox (badness 10000) has occurred while \output is active []

[59]
File: bookletpics/2_modelcomparison_output5.png Graphic file (type bmp)
<bookletpics/2_modelcomparison_output5.png>

Overfull \hbox (89.14273pt too wide) in paragraph at lines 791--792
[][] 
 []

[60]
File: bookletpics/2_modelcomparison_input6.png Graphic file (type bmp)
<bookletpics/2_modelcomparison_input6.png>

Overfull \hbox (135.30725pt too wide) in paragraph at lines 795--796
[][] 
 []

File: bookletpics/2_modelcomparison_output6.png Graphic file (type bmp)
<bookletpics/2_modelcomparison_output6.png>

Overfull \hbox (145.37967pt too wide) in paragraph at lines 797--798
[][] 
 []


Underfull \vbox (badness 10000) has occurred while \output is active []

[61] [62]
File: bookletpics/2_assumptions_theory1.png Graphic file (type bmp)
<bookletpics/2_assumptions_theory1.png>

Overfull \hbox (38.6419pt too wide) in paragraph at lines 822--823
[][] 
 []


Underfull \vbox (badness 10000) has occurred while \output is active []

[63] [64]
File: bookletpics/2_assumptions_input1.png Graphic file (type bmp)
<bookletpics/2_assumptions_input1.png>

Overfull \hbox (128.97086pt too wide) in paragraph at lines 830--831
[][] 
 []

File: bookletpics/2_assumptions_output1.png Graphic file (type bmp)
<bookletpics/2_assumptions_output1.png>

Overfull \hbox (49.98872pt too wide) in paragraph at lines 834--835
[][] 
 []

File: bookletpics/2_assumptions_output2.png Graphic file (type bmp)
<bookletpics/2_assumptions_output2.png>

Overfull \hbox (86.16278pt too wide) in paragraph at lines 842--843
[][] 
 []


Underfull \vbox (badness 10000) has occurred while \output is active []

[65]
Underfull \vbox (badness 10000) has occurred while \output is active []

[66]
File: bookletpics/2_assumptions_input3.png Graphic file (type bmp)
<bookletpics/2_assumptions_input3.png>

Overfull \hbox (136.2251pt too wide) in paragraph at lines 849--850
[][] 
 []

File: bookletpics/2_assumptions_output3.png Graphic file (type bmp)
<bookletpics/2_assumptions_output3.png>
File: bookletpics/2_assumptions_output4.png Graphic file (type bmp)
<bookletpics/2_assumptions_output4.png>

Overfull \hbox (102.20781pt too wide) in paragraph at lines 857--858
[][] 
 []


Underfull \vbox (badness 10000) has occurred while \output is active []

[67]
File: bookletpics/2_assumptions_output5.png Graphic file (type bmp)
<bookletpics/2_assumptions_output5.png>

Overfull \hbox (157.20251pt too wide) in paragraph at lines 863--864
[][] 
 []


Underfull \vbox (badness 10000) has occurred while \output is active []

[68]
File: bookletpics/2_options_input1.png Graphic file (type bmp)
<bookletpics/2_options_input1.png>

Overfull \hbox (147.04562pt too wide) in paragraph at lines 870--871
[] 
 []


Underfull \vbox (badness 10000) has occurred while \output is active []

[69] [70] [71] [72

]
Chapter 3.
[73] [74]
File: bookletpics/3_logistic_plot1.png Graphic file (type bmp)
<bookletpics/3_logistic_plot1.png>

Overfull \hbox (178.49608pt too wide) in paragraph at lines 987--988
[][] 
 []


Package amsmath Warning: Foreign command \over;
(amsmath)                \frac or \genfrac should be used instead
(amsmath)                 on input line 993.

[75]
File: bookletpics/3_logistic_freq1.png Graphic file (type bmp)
<bookletpics/3_logistic_freq1.png>
[76]
File: bookletpics/3_logistic_input1.png Graphic file (type bmp)
<bookletpics/3_logistic_input1.png>
File: bookletpics/3_logistic_input2.png Graphic file (type bmp)
<bookletpics/3_logistic_input2.png>

Overfull \hbox (142.36821pt too wide) in paragraph at lines 1032--1033
[][] 
 []


Underfull \vbox (badness 10000) has occurred while \output is active []

[77]
File: bookletpics/3_logistic_output1.png Graphic file (type bmp)
<bookletpics/3_logistic_output1.png>

Underfull \vbox (badness 10000) has occurred while \output is active []

[78]
File: bookletpics/3_logistic_output2.png Graphic file (type bmp)
<bookletpics/3_logistic_output2.png>

Underfull \vbox (badness 10000) has occurred while \output is active []

[79]
File: bookletpics/3_logistic_output3.png Graphic file (type bmp)
<bookletpics/3_logistic_output3.png>

Underfull \vbox (badness 10000) has occurred while \output is active []

[80]
File: bookletpics/3_logistic_output4.png Graphic file (type bmp)
<bookletpics/3_logistic_output4.png>

Overfull \hbox (194.5568pt too wide) in paragraph at lines 1061--1062
[] 
 []

[81]
File: bookletpics/3_logistic_input3.png Graphic file (type bmp)
<bookletpics/3_logistic_input3.png>

Overfull \hbox (99.18039pt too wide) in paragraph at lines 1094--1095
[][] 
 []

File: bookletpics/3_logistic_plot2.png Graphic file (type bmp)
<bookletpics/3_logistic_plot2.png>

Overfull \hbox (205.5696pt too wide) in paragraph at lines 1101--1102
[][] 
 []


Underfull \vbox (badness 10000) has occurred while \output is active []

[82]
File: bookletpics/3_logistic_plot3.png Graphic file (type bmp)
<bookletpics/3_logistic_plot3.png>

Overfull \hbox (76.93614pt too wide) in paragraph at lines 1105--1106
[][] 
 []


Underfull \vbox (badness 10000) has occurred while \output is active []

[83]
File: bookletpics/3_logistic_output5.png Graphic file (type bmp)
<bookletpics/3_logistic_output5.png>

Overfull \hbox (166.47775pt too wide) in paragraph at lines 1109--1110
[][] 
 []

[84]
File: bookletpics/3_logistic_output6.png Graphic file (type bmp)
<bookletpics/3_logistic_output6.png>
File: bookletpics/3_logistic_input4.png Graphic file (type bmp)
<bookletpics/3_logistic_input4.png>

Overfull \hbox (143.38075pt too wide) in paragraph at lines 1133--1134
[][] 
 []


Underfull \vbox (badness 10000) has occurred while \output is active []

[85]
File: bookletpics/3_logistic_input5.png Graphic file (type bmp)
<bookletpics/3_logistic_input5.png>

Overfull \hbox (143.36336pt too wide) in paragraph at lines 1137--1138
[][] 
 []


Underfull \vbox (badness 10000) has occurred while \output is active []

[86]
File: bookletpics/3_logistic_output7.png Graphic file (type bmp)
<bookletpics/3_logistic_output7.png>

Overfull \hbox (23.90503pt too wide) in paragraph at lines 1142--1143
[] 
 []

[87]
File: bookletpics/3_logistic_output8.png Graphic file (type bmp)
<bookletpics/3_logistic_output8.png>
File: bookletpics/3_logistic_input6.png Graphic file (type bmp)
<bookletpics/3_logistic_input6.png>

Overfull \hbox (137.32335pt too wide) in paragraph at lines 1160--1161
[][] 
 []


Underfull \vbox (badness 10000) has occurred while \output is active []

[88]
File: bookletpics/3_logistic_plot4.png Graphic file (type bmp)
<bookletpics/3_logistic_plot4.png>

Overfull \hbox (231.60678pt too wide) in paragraph at lines 1162--1163
[][] 
 []


Underfull \vbox (badness 10000) has occurred while \output is active []

[89]
File: bookletpics/3_logistic_input7.png Graphic file (type bmp)
<bookletpics/3_logistic_input7.png>

Overfull \hbox (131.14754pt too wide) in paragraph at lines 1171--1172
[][] 
 []


Underfull \vbox (badness 10000) has occurred while \output is active []

[90]
File: bookletpics/3_logistic_output9.png Graphic file (type bmp)
<bookletpics/3_logistic_output9.png>
File: bookletpics/3_logistic_output10.png Graphic file (type bmp)
<bookletpics/3_logistic_output10.png>

Overfull \hbox (229.42917pt too wide) in paragraph at lines 1180--1181
[][] 
 []


Underfull \vbox (badness 10000) has occurred while \output is active []

[91]
File: bookletpics/3_logistic_output11.png Graphic file (type bmp)
<bookletpics/3_logistic_output11.png>

Overfull \hbox (191.51714pt too wide) in paragraph at lines 1189--1190
[] 
 []

[92]
File: bookletpics/3_logistic_input9.png Graphic file (type bmp)
<bookletpics/3_logistic_input9.png>

Overfull \hbox (135.3244pt too wide) in paragraph at lines 1200--1201
[][] 
 []

File: bookletpics/3_logistic_output12.png Graphic file (type bmp)
<bookletpics/3_logistic_output12.png>

Overfull \hbox (100.0796pt too wide) in paragraph at lines 1202--1203
[][] 
 []

[93]
File: bookletpics/logitprobit.png Graphic file (type bmp)
<bookletpics/logitprobit.png>

Overfull \hbox (247.50058pt too wide) in paragraph at lines 1222--1223
[][] 
 []


Underfull \vbox (badness 10000) has occurred while \output is active []

[94]
Underfull \vbox (badness 10000) has occurred while \output is active []

[95] [96]
File: bookletpics/3_multi_output1.png Graphic file (type bmp)
<bookletpics/3_multi_output1.png>
File: bookletpics/3_multi_input1.png Graphic file (type bmp)
<bookletpics/3_multi_input1.png>

Overfull \hbox (89.71907pt too wide) in paragraph at lines 1285--1286
[][] 
 []


Underfull \vbox (badness 10000) has occurred while \output is active []

[97] [98]
File: bookletpics/3_multi_output2.png Graphic file (type bmp)
<bookletpics/3_multi_output2.png>

Overfull \hbox (155.40886pt too wide) in paragraph at lines 1290--1291
[] 
 []

File: bookletpics/3_multi_output3.png Graphic file (type bmp)
<bookletpics/3_multi_output3.png>

Underfull \vbox (badness 10000) has occurred while \output is active []

[99] [100]
File: bookletpics/3_multi_plot1.png Graphic file (type bmp)
<bookletpics/3_multi_plot1.png>

Overfull \hbox (288.72777pt too wide) in paragraph at lines 1319--1320
[][] 
 []

File: bookletpics/3_multi_output4.png Graphic file (type bmp)
<bookletpics/3_multi_output4.png>

Overfull \hbox (299.96623pt too wide) in paragraph at lines 1328--1329
[][] 
 []

[101]
File: bookletpics/3_multi_output5.png Graphic file (type bmp)
<bookletpics/3_multi_output5.png>
File: bookletpics/3_multi_plot3.png Graphic file (type bmp)
<bookletpics/3_multi_plot3.png>

Overfull \hbox (255.47577pt too wide) in paragraph at lines 1341--1342
[][] 
 []


Underfull \vbox (badness 10000) has occurred while \output is active []

[102]
File: bookletpics/3_multi_output6.png Graphic file (type bmp)
<bookletpics/3_multi_output6.png>

Overfull \hbox (234.5067pt too wide) in paragraph at lines 1345--1346
[][] 
 []


Underfull \vbox (badness 10000) has occurred while \output is active []

[103]
File: bookletpics/3_multi_output7.png Graphic file (type bmp)
<bookletpics/3_multi_output7.png>

Overfull \hbox (272.82071pt too wide) in paragraph at lines 1356--1357
[][] 
 []


Underfull \vbox (badness 10000) has occurred while \output is active []

[104]
File: bookletpics/3_multi_output8.png Graphic file (type bmp)
<bookletpics/3_multi_output8.png>
File: bookletpics/3_multi_input2.png Graphic file (type bmp)
<bookletpics/3_multi_input2.png>

Overfull \hbox (130.28853pt too wide) in paragraph at lines 1373--1374
[][] 
 []

[105]
File: bookletpics/3_multi_output9.png Graphic file (type bmp)
<bookletpics/3_multi_output9.png>

Overfull \hbox (177.3909pt too wide) in paragraph at lines 1377--1378
[][] 
 []


Underfull \vbox (badness 10000) has occurred while \output is active []

[106]
File: bookletpics/3_multi_input3.png Graphic file (type bmp)
<bookletpics/3_multi_input3.png>

Overfull \hbox (126.07097pt too wide) in paragraph at lines 1381--1382
[][] 
 []


Underfull \vbox (badness 10000) has occurred while \output is active []

[107]
File: bookletpics/3_multi_output10.png Graphic file (type bmp)
<bookletpics/3_multi_output10.png>

Underfull \vbox (badness 10000) has occurred while \output is active []

[108] [109]
File: bookletpics/3_ordinal_probs.png Graphic file (type bmp)
<bookletpics/3_ordinal_probs.png>

Overfull \hbox (414.37479pt too wide) in paragraph at lines 1451--1452
[][] 
 []


Underfull \vbox (badness 10000) has occurred while \output is active []

[110]
File: bookletpics/3_ordinal_input1.png Graphic file (type bmp)
<bookletpics/3_ordinal_input1.png>

Overfull \hbox (77.67366pt too wide) in paragraph at lines 1462--1463
[][] 
 []

[111] [112]
File: bookletpics/3_ordinal_output1.png Graphic file (type bmp)
<bookletpics/3_ordinal_output1.png>

Overfull \hbox (49.99599pt too wide) in paragraph at lines 1467--1468
[] 
 []

File: bookletpics/3_ordinal_input2.png Graphic file (type bmp)
<bookletpics/3_ordinal_input2.png>

Overfull \hbox (147.04562pt too wide) in paragraph at lines 1480--1481
[][] 
 []


Underfull \vbox (badness 5331) has occurred while \output is active []

[113]
File: bookletpics/3_ordinal_output7.png Graphic file (type bmp)
<bookletpics/3_ordinal_output7.png>
File: bookletpics/3_ordinal_output2.png Graphic file (type bmp)
<bookletpics/3_ordinal_output2.png>

Underfull \vbox (badness 10000) has occurred while \output is active []

[114]
File: bookletpics/3_ordinal_output3.png Graphic file (type bmp)
<bookletpics/3_ordinal_output3.png>

Underfull \vbox (badness 10000) has occurred while \output is active []

[115]
File: bookletpics/3_ordinal_output4.png Graphic file (type bmp)
<bookletpics/3_ordinal_output4.png>

Overfull \hbox (327.70433pt too wide) in paragraph at lines 1508--1509
[] 
 []

[116]
File: bookletpics/3_ordinal_output5.png Graphic file (type bmp)
<bookletpics/3_ordinal_output5.png>
File: bookletpics/3_ordinal_output6.png Graphic file (type bmp)
<bookletpics/3_ordinal_output6.png>

Overfull \hbox (105.16237pt too wide) in paragraph at lines 1530--1531
[][] 
 []

[117]
File: bookletpics/3_ordinal_input3.png Graphic file (type bmp)
<bookletpics/3_ordinal_input3.png>

Overfull \hbox (136.2251pt too wide) in paragraph at lines 1552--1553
[][] 
 []


Underfull \vbox (badness 10000) has occurred while \output is active []

[118]
File: bookletpics/3_ordinal_plot1.png Graphic file (type bmp)
<bookletpics/3_ordinal_plot1.png>

Overfull \hbox (214.64246pt too wide) in paragraph at lines 1556--1557
[][] 
 []


Underfull \vbox (badness 10000) has occurred while \output is active []

[119]
File: bookletpics/3_ordinal_plot2.png Graphic file (type bmp)
<bookletpics/3_ordinal_plot2.png>

Overfull \hbox (201.26694pt too wide) in paragraph at lines 1562--1563
[][] 
 []


Underfull \vbox (badness 10000) has occurred while \output is active []

[120]
Underfull \vbox (badness 10000) has occurred while \output is active []

[121]
File: bookletpics/3_poisson_theory1.png Graphic file (type bmp)
<bookletpics/3_poisson_theory1.png>
File: bookletpics/3_poisson_theory2.png Graphic file (type bmp)
<bookletpics/3_poisson_theory2.png>

Underfull \vbox (badness 10000) has occurred while \output is active []

[122]
File: bookletpics/3_poisson_theory3.png Graphic file (type bmp)
<bookletpics/3_poisson_theory3.png>
File: bookletpics/3_poisson_theory4.png Graphic file (type bmp)
<bookletpics/3_poisson_theory4.png>

Underfull \vbox (badness 3713) has occurred while \output is active []

[123]
File: bookletpics/3_poisson_theory5.png Graphic file (type bmp)
<bookletpics/3_poisson_theory5.png>
File: bookletpics/3_poisson_theory6.png Graphic file (type bmp)
<bookletpics/3_poisson_theory6.png>

Underfull \vbox (badness 10000) has occurred while \output is active []

[124]
File: bookletpics/3_poisson_theory7.png Graphic file (type bmp)
<bookletpics/3_poisson_theory7.png>
[125] [126

]
Chapter 4.
[127]
File: bookletpics/4_theory_plot1.png Graphic file (type bmp)
<bookletpics/4_theory_plot1.png>
File: bookletpics/4_theory_plot2.png Graphic file (type bmp)
<bookletpics/4_theory_plot2.png>

Underfull \vbox (badness 10000) has occurred while \output is active []

[128]
File: bookletpics/4_theory_plot3.png Graphic file (type bmp)
<bookletpics/4_theory_plot3.png>
[129]
File: bookletpics/4_theory_plot4.png Graphic file (type bmp)
<bookletpics/4_theory_plot4.png>
[130] [131] [132]
File: bookletpics/4_simple_input1.png Graphic file (type bmp)
<bookletpics/4_simple_input1.png>
File: bookletpics/4_simple_input2.png Graphic file (type bmp)
<bookletpics/4_simple_input2.png>
File: bookletpics/4_simple_input3.png Graphic file (type bmp)
<bookletpics/4_simple_input3.png>

Underfull \vbox (badness 2134) has occurred while \output is active []

[133]
File: bookletpics/4_simple_output1.png Graphic file (type bmp)
<bookletpics/4_simple_output1.png>
[134]
Chapter 5.

LaTeX Warning: Reference `mixedbuild' on page 135 undefined on input line 1803.

[135

]
File: bookletpics/5_logistic_input1.png Graphic file (type bmp)
<bookletpics/5_logistic_input1.png>
File: bookletpics/5_logistic_input2.png Graphic file (type bmp)
<bookletpics/5_logistic_input2.png>

Underfull \vbox (badness 10000) has occurred while \output is active []

[136]
File: bookletpics/5_logistic_input3.png Graphic file (type bmp)
<bookletpics/5_logistic_input3.png>
File: bookletpics/5_logistic_output1.png Graphic file (type bmp)
<bookletpics/5_logistic_output1.png>

Underfull \vbox (badness 10000) has occurred while \output is active []

[137]
File: bookletpics/5_logistic_output2.png Graphic file (type bmp)
<bookletpics/5_logistic_output2.png>
File: bookletpics/5_logistic_output3.png Graphic file (type bmp)
<bookletpics/5_logistic_output3.png>

Underfull \vbox (badness 10000) has occurred while \output is active []

[138]

LaTeX Warning: Reference `mixedre' on page 139 undefined on input line 1862.

File: bookletpics/5_logistic_output5.png Graphic file (type bmp)
<bookletpics/5_logistic_output5.png>
File: bookletpics/5_logistic_output4.png Graphic file (type bmp)
<bookletpics/5_logistic_output4.png>

Underfull \vbox (badness 10000) has occurred while \output is active []

[139]
File: bookletpics/5_logistic_plot1.png Graphic file (type bmp)
<bookletpics/5_logistic_plot1.png>
[140]
File: bookletpics/5_multinomial_input1.png Graphic file (type bmp)
<bookletpics/5_multinomial_input1.png>
File: bookletpics/5_multinomial_input2.png Graphic file (type bmp)
<bookletpics/5_multinomial_input2.png>
[141]
File: bookletpics/5_multinomial_output1.png Graphic file (type bmp)
<bookletpics/5_multinomial_output1.png>
File: bookletpics/5_multinomial_output2.png Graphic file (type bmp)
<bookletpics/5_multinomial_output2.png>
LaTeX Font Info:    Font shape `TU/lmtt/bx/n' in size <10> not available
(Font)              Font shape `TU/lmtt/b/n' tried instead on input line 1927.
[142]
Appendix A.
LaTeX Font Info:    Font shape `TU/latinmodern-math.otf(1)/m/n' will be
(Font)              scaled to size 24.88pt on input line 1932.
LaTeX Font Info:    Font shape `TU/latinmodern-math.otf(1)/m/n' will be
(Font)              scaled to size 20.74pt on input line 1932.
LaTeX Font Info:    Font shape `TU/latinmodern-math.otf(1)/m/n' will be
(Font)              scaled to size 17.28pt on input line 1932.
LaTeX Font Info:    Font shape `TU/latinmodern-math.otf(2)/m/n' will be
(Font)              scaled to size 24.88228pt on input line 1932.
LaTeX Font Info:    Font shape `TU/latinmodern-math.otf(2)/m/n' will be
(Font)              scaled to size 20.7419pt on input line 1932.
LaTeX Font Info:    Font shape `TU/latinmodern-math.otf(2)/m/n' will be
(Font)              scaled to size 17.28157pt on input line 1932.
LaTeX Font Info:    Font shape `TU/latinmodern-math.otf(3)/m/n' will be
(Font)              scaled to size 24.87733pt on input line 1932.
LaTeX Font Info:    Font shape `TU/latinmodern-math.otf(3)/m/n' will be
(Font)              scaled to size 20.73778pt on input line 1932.
LaTeX Font Info:    Font shape `TU/latinmodern-math.otf(3)/m/n' will be
(Font)              scaled to size 17.27815pt on input line 1932.
File: bookletpics/ap_a_output1.png Graphic file (type bmp)
<bookletpics/ap_a_output1.png>

Overfull \hbox (45.86928pt too wide) in paragraph at lines 1938--1939
[][] 
 []


Underfull \vbox (badness 10000) has occurred while \output is active []

[143

] [144]
LaTeX Font Info:    Font shape `TU/latinmodern-math.otf(1)/m/n' will be
(Font)              scaled to size 14.4pt on input line 1961.
LaTeX Font Info:    Font shape `TU/latinmodern-math.otf(2)/m/n' will be
(Font)              scaled to size 14.4013pt on input line 1961.
LaTeX Font Info:    Font shape `TU/latinmodern-math.otf(3)/m/n' will be
(Font)              scaled to size 14.39845pt on input line 1961.
[145] [146]
Appendix B.
[147

]
File: bookletpics/ap_a_output2.png Graphic file (type bmp)
<bookletpics/ap_a_output2.png>

Overfull \hbox (824.90096pt too wide) in paragraph at lines 2057--2058
[][] 
 []


Underfull \vbox (badness 10000) has occurred while \output is active []

[148] [149] [150

]
Appendix C.
File: bookletpics/a_vartypes.png Graphic file (type bmp)
<bookletpics/a_vartypes.png>
(./gamljmodels.bbl [151] [152

] [153]) [154] (./gamljmodels.aux)
 ***********
LaTeX2e <2023-11-01> patch level 1
L3 programming layer <2024-02-20>
 ***********

LaTeX Warning: There were undefined references.

Package rerunfilecheck Info: File `gamljmodels.out' has not changed.
(rerunfilecheck)             Checksum: 87A671D6EDAE932DB5143334CF918246;7586.
 ) 
Here is how much of TeX's memory you used:
 22868 strings out of 476763
 471430 string characters out of 5801885
 1939839 words of memory out of 5000000
 44441 multiletter control sequences out of 15000+600000
 568412 words of font info for 119 fonts, out of 8000000 for 9000
 14 hyphenation exceptions out of 8191
 90i,8n,121p,1544b,491s stack positions out of 10000i,1000n,20000p,200000b,200000s

Output written on gamljmodels.pdf (154 pages).
